<?xml version="1.0" encoding="UTF-8"?>
<!-- Generated by org.testng.reporters.JUnitReportReporter -->
<testsuite hostname="DESKTOP-QOQL0HO" failures="0" tests="1" name="demo_web_shop.TC02_Login" time="11.858" errors="0" timestamp="2024-05-09T11:46:41 IST" skipped="0">
  <testcase classname="demo_web_shop.TC02_Login" name="register" time="11.858"/>
  <system-out>
    <![CDATA[login successful]]>
  </system-out>
</testsuite> <!-- demo_web_shop.TC02_Login -->
