<?xml version="1.0" encoding="UTF-8"?>
<!-- Generated by org.testng.reporters.JUnitReportReporter -->
<testsuite hostname="DESKTOP-QOQL0HO" failures="0" tests="1" name="demo_web_shop.TC05_Computers" time="19.352" errors="0" timestamp="2024-05-03T11:27:02 IST" skipped="0">
  <testcase classname="demo_web_shop.TC05_Computers" name="computers" time="19.352"/>
  <system-out>
    <![CDATA[computers-->product added successfully]]>
  </system-out>
</testsuite> <!-- demo_web_shop.TC05_Computers -->
