<?xml version="1.0" encoding="UTF-8"?>
<!-- Generated by org.testng.reporters.JUnitReportReporter -->
<testsuite hostname="DESKTOP-QOQL0HO" failures="0" tests="1" name="testng_basics.Basics" time="0.012" errors="0" timestamp="2024-04-30T16:39:16 IST" skipped="0">
  <testcase classname="testng_basics.Basics" name="test" time="0.012"/>
  <system-out/>
</testsuite> <!-- testng_basics.Basics -->
