<?xml version="1.0" encoding="UTF-8"?>
<!-- Generated by org.testng.reporters.JUnitReportReporter -->
<testsuite hostname="DESKTOP-QOQL0HO" failures="0" tests="1" name="demo_web_shop.TC03_GiftCards" time="16.000" errors="0" timestamp="2024-05-03T11:27:02 IST" skipped="0">
  <testcase classname="demo_web_shop.TC03_GiftCards" name="giftcards" time="16.000"/>
  <system-out>
    <![CDATA[gift cards-->product added successfully]]>
  </system-out>
</testsuite> <!-- demo_web_shop.TC03_GiftCards -->
