<?xml version="1.0" encoding="UTF-8"?>
<!-- Generated by org.testng.reporters.JUnitReportReporter -->
<testsuite hostname="DESKTOP-QOQL0HO" failures="0" tests="2" name="demo_web_shop.TC01_Register" time="24.408" errors="0" timestamp="2024-05-03T11:52:40 IST" skipped="0">
  <testcase classname="demo_web_shop.TC01_Register" name="register" time="13.111"/>
  <system-out>
    <![CDATA[resister successful]]>
  </system-out>
  <testcase classname="demo_web_shop.TC01_Register" name="register" time="11.297"/>
  <system-out>
    <![CDATA[resister successful]]>
  </system-out>
</testsuite> <!-- demo_web_shop.TC01_Register -->
