<?xml version="1.0" encoding="UTF-8"?>
<!-- Generated by org.testng.reporters.JUnitReportReporter -->
<testsuite hostname="DESKTOP-QOQL0HO" failures="0" tests="3" name="testng_basics.Char2" time="0.019" errors="0" timestamp="2024-04-30T17:25:12 IST" skipped="0">
  <testcase classname="testng_basics.Char2" name="register" time="0.011"/>
  <system-out>
    <![CDATA[register completed]]>
  </system-out>
  <testcase classname="testng_basics.Char2" name="login" time="0.004"/>
  <system-out>
    <![CDATA[login completed]]>
  </system-out>
  <testcase classname="testng_basics.Char2" name="logout" time="0.004"/>
  <system-out>
    <![CDATA[logout completed]]>
  </system-out>
</testsuite> <!-- testng_basics.Char2 -->
