<?xml version="1.0" encoding="UTF-8"?>
<!-- Generated by org.testng.reporters.JUnitReportReporter -->
<testsuite hostname="DESKTOP-QOQL0HO" failures="0" tests="1" name="demo_web_shop.TC04_Books" time="17.129" errors="0" timestamp="2024-05-03T11:24:54 IST" skipped="0">
  <testcase classname="demo_web_shop.TC04_Books" name="books" time="17.129"/>
  <system-out>
    <![CDATA[books-->product added successfully]]>
  </system-out>
</testsuite> <!-- demo_web_shop.TC04_Books -->
